=== MPS 3D Fluid Simulation ===

=== Simulation Configuration ===
particle_distance:    0.000100 m
influence_radius_lap: 0.000310 m  (ratio = 3.10)  [Laplacian]
influence_radius_n:   0.000310 m  (ratio = 3.10)  [number density]
max_neighbors:        512
wall_layers:          4
dummy_layers:          4
density:              1000.0 kg/m^3
viscosity:            1.36e-06 m^2/s
gravity:              (8.4957, -4.9050, 0.0000) m/s^2
dt:                   1.00e-05 s
t_end:                0.0500 s
output_interval:      100 steps
solver_type:          ICCG
cg_max_iter:          10000
cg_tolerance:         1.00e-08
relaxation_coeff:     1.0000
clamp_negative_pressure: ON
ppe_type:             0  (standard density)
surface_threshold:    0.8500
surface_detection:    number density
surface_tension:      ON  sigma=7.2800e-02  re_ratio=3.10  theta_SL=120.0 deg
restitution_coeff:         0.2000
collision_distance_ratio:  0.3000  (col_dist = 0.000030 m)
domain:               [-0.002, 0.014] x [-0.001, 0.004] x [-0.003, 0.003]
cmps_gradient:        CMPS (symmetric)
use_analytical_lambda: 0  (from initial particles)
hs_mode:              1  (ON (High order Source term))
output_dir:           output/rolling
particle_file:        examples/rolling/particles.txt
param_file:           examples/rolling/params.txt
================================

Loaded particles: 9261 fluid, 36936 wall, 83133 total
Initial params: n0 = 54.321209 (re_n=0.0003)  N0 = 0  lambda = 0.000000 (re_lap=0.0003)
  C_LL = 2.751565e+01  C_SL = 6.878912e+00 (theta=120.0 deg, re_st=0.0003)
  OpenMP threads: 10
OpenMP: using 10 thread(s)
Starting simulation (3D, OpenMP): 5000 steps, dt = 1.00e-05
Step    100 / 5000  (t = 0.0010 s)  fluid particles: 9261
Step    200 / 5000  (t = 0.0020 s)  fluid particles: 9261
Step    300 / 5000  (t = 0.0030 s)  fluid particles: 9261
Step    400 / 5000  (t = 0.0040 s)  fluid particles: 9261
Step    500 / 5000  (t = 0.0050 s)  fluid particles: 9261
Step    600 / 5000  (t = 0.0060 s)  fluid particles: 9261
Step    700 / 5000  (t = 0.0070 s)  fluid particles: 9261
Step    800 / 5000  (t = 0.0080 s)  fluid particles: 9261
Step    900 / 5000  (t = 0.0090 s)  fluid particles: 9261
Step   1000 / 5000  (t = 0.0100 s)  fluid particles: 9261
Step   1100 / 5000  (t = 0.0110 s)  fluid particles: 9261
Step   1200 / 5000  (t = 0.0120 s)  fluid particles: 9261
Step   1300 / 5000  (t = 0.0130 s)  fluid particles: 9261
Step   1400 / 5000  (t = 0.0140 s)  fluid particles: 9261
Step   1500 / 5000  (t = 0.0150 s)  fluid particles: 9261
Step   1600 / 5000  (t = 0.0160 s)  fluid particles: 9261
Step   1700 / 5000  (t = 0.0170 s)  fluid particles: 9261
Step   1800 / 5000  (t = 0.0180 s)  fluid particles: 9261
Step   1900 / 5000  (t = 0.0190 s)  fluid particles: 9261
Step   2000 / 5000  (t = 0.0200 s)  fluid particles: 9261
Step   2100 / 5000  (t = 0.0210 s)  fluid particles: 9261
Step   2200 / 5000  (t = 0.0220 s)  fluid particles: 9261
Step   2300 / 5000  (t = 0.0230 s)  fluid particles: 9261
Step   2400 / 5000  (t = 0.0240 s)  fluid particles: 9261
Step   2500 / 5000  (t = 0.0250 s)  fluid particles: 9261
Step   2600 / 5000  (t = 0.0260 s)  fluid particles: 9261
Step   2700 / 5000  (t = 0.0270 s)  fluid particles: 9261
Step   2800 / 5000  (t = 0.0280 s)  fluid particles: 9261
Step   2900 / 5000  (t = 0.0290 s)  fluid particles: 9261
Step   3000 / 5000  (t = 0.0300 s)  fluid particles: 9261
Step   3100 / 5000  (t = 0.0310 s)  fluid particles: 9261
Step   3200 / 5000  (t = 0.0320 s)  fluid particles: 9261
Step   3300 / 5000  (t = 0.0330 s)  fluid particles: 9261
Step   3400 / 5000  (t = 0.0340 s)  fluid particles: 9261
Step   3500 / 5000  (t = 0.0350 s)  fluid particles: 9261
Step   3600 / 5000  (t = 0.0360 s)  fluid particles: 9261
Step   3700 / 5000  (t = 0.0370 s)  fluid particles: 9261
Step   3800 / 5000  (t = 0.0380 s)  fluid particles: 9261
Step   3900 / 5000  (t = 0.0390 s)  fluid particles: 9261
Step   4000 / 5000  (t = 0.0400 s)  fluid particles: 9261
Step   4100 / 5000  (t = 0.0410 s)  fluid particles: 9261
Step   4200 / 5000  (t = 0.0420 s)  fluid particles: 9261
Step   4300 / 5000  (t = 0.0430 s)  fluid particles: 9261
Step   4400 / 5000  (t = 0.0440 s)  fluid particles: 9261
Step   4500 / 5000  (t = 0.0450 s)  fluid particles: 9261
Step   4600 / 5000  (t = 0.0460 s)  fluid particles: 9261
Step   4700 / 5000  (t = 0.0470 s)  fluid particles: 9261
Step   4800 / 5000  (t = 0.0480 s)  fluid particles: 9261
Step   4900 / 5000  (t = 0.0490 s)  fluid particles: 9261
Step   5000 / 5000  (t = 0.0500 s)  fluid particles: 9261
Simulation complete.
